<?xml version="1.0" encoding="UTF-8"?>
<!-- Generated by org.testng.reporters.JUnitXMLReporter -->
<testsuite ignored="0" hostname="DESKTOP-6TSPC22" failures="0" tests="3" name="Test for standard user" time="18.252" errors="0" timestamp="2022-12-01T15:53:34 IST">
  <testcase classname="smartcow.test.placeOrderTest" name="standard_user" time="1.569"/>
  <testcase classname="smartcow.test.placeOrderTest" name="performance_user" time="7.372"/>
  <testcase classname="smartcow.test.placeOrderTest" name="problem_user" time="1.087"/>
</testsuite> <!-- Test for standard user -->
