<?xml version="1.0" encoding="UTF-8"?>
<!-- Generated by org.testng.reporters.JUnitXMLReporter -->
<testsuite ignored="0" hostname="DESKTOP-6TSPC22" failures="0" tests="3" name="Test" time="14.69" errors="0" timestamp="2022-11-30T23:08:36 IST">
  <testcase classname="smartcow.test.placeOrderTest" name="addToCart" time="3.256"/>
  <testcase classname="smartcow.test.placeOrderTest" name="checkOut" time="2.259"/>
  <testcase classname="smartcow.test.placeOrderTest" name="completeOrder" time="5.62"/>
</testsuite> <!-- Test -->
