<?xml version="1.0" encoding="UTF-8"?>
<testng-results ignored="0" total="3" passed="3" failed="0" skipped="0">
  <reporter-output>
  </reporter-output>
  <suite started-at="2022-12-01T15:53:16 IST" name="smart cow assignment" finished-at="2022-12-01T15:53:34 IST" duration-ms="18252">
    <groups>
    </groups>
    <test started-at="2022-12-01T15:53:16 IST" name="Test for standard user" finished-at="2022-12-01T15:53:34 IST" duration-ms="18252">
      <class name="smartcow.test.placeOrderTest">
        <test-method is-config="true" signature="getApplicationURL()[pri:0, instance:smartcow.test.placeOrderTest@770d3326]" started-at="2022-12-01T15:53:16 IST" name="getApplicationURL" finished-at="2022-12-01T15:53:18 IST" duration-ms="2391" status="PASS">
          <reporter-output>
          </reporter-output>
        </test-method> <!-- getApplicationURL -->
        <test-method signature="standard_user()[pri:0, instance:smartcow.test.placeOrderTest@770d3326]" started-at="2022-12-01T15:53:18 IST" name="standard_user" finished-at="2022-12-01T15:53:20 IST" duration-ms="1569" status="PASS">
          <reporter-output>
          </reporter-output>
        </test-method> <!-- standard_user -->
        <test-method is-config="true" signature="quitDriver()[pri:0, instance:smartcow.test.placeOrderTest@770d3326]" started-at="2022-12-01T15:53:20 IST" name="quitDriver" finished-at="2022-12-01T15:53:21 IST" duration-ms="648" status="PASS">
          <reporter-output>
          </reporter-output>
        </test-method> <!-- quitDriver -->
        <test-method is-config="true" signature="getApplicationURL()[pri:0, instance:smartcow.test.placeOrderTest@770d3326]" started-at="2022-12-01T15:53:21 IST" name="getApplicationURL" finished-at="2022-12-01T15:53:22 IST" duration-ms="1973" status="PASS">
          <reporter-output>
          </reporter-output>
        </test-method> <!-- getApplicationURL -->
        <test-method signature="performance_user()[pri:1, instance:smartcow.test.placeOrderTest@770d3326]" started-at="2022-12-01T15:53:22 IST" name="performance_user" finished-at="2022-12-01T15:53:30 IST" duration-ms="7372" status="PASS">
          <reporter-output>
          </reporter-output>
        </test-method> <!-- performance_user -->
        <test-method is-config="true" signature="quitDriver()[pri:0, instance:smartcow.test.placeOrderTest@770d3326]" started-at="2022-12-01T15:53:30 IST" name="quitDriver" finished-at="2022-12-01T15:53:31 IST" duration-ms="651" status="PASS">
          <reporter-output>
          </reporter-output>
        </test-method> <!-- quitDriver -->
        <test-method is-config="true" signature="getApplicationURL()[pri:0, instance:smartcow.test.placeOrderTest@770d3326]" started-at="2022-12-01T15:53:31 IST" name="getApplicationURL" finished-at="2022-12-01T15:53:32 IST" duration-ms="1894" status="PASS">
          <reporter-output>
          </reporter-output>
        </test-method> <!-- getApplicationURL -->
        <test-method signature="problem_user()[pri:2, instance:smartcow.test.placeOrderTest@770d3326]" started-at="2022-12-01T15:53:32 IST" name="problem_user" finished-at="2022-12-01T15:53:33 IST" duration-ms="1087" status="PASS">
          <reporter-output>
          </reporter-output>
        </test-method> <!-- problem_user -->
        <test-method is-config="true" signature="quitDriver()[pri:0, instance:smartcow.test.placeOrderTest@770d3326]" started-at="2022-12-01T15:53:33 IST" name="quitDriver" finished-at="2022-12-01T15:53:34 IST" duration-ms="633" status="PASS">
          <reporter-output>
          </reporter-output>
        </test-method> <!-- quitDriver -->
      </class> <!-- smartcow.test.placeOrderTest -->
    </test> <!-- Test for standard user -->
  </suite> <!-- smart cow assignment -->
</testng-results>
